#
# There is insufficient memory for the Java Runtime Environment to continue.
# Native memory allocation (malloc) failed to allocate 1048576 bytes for AllocateHeap
# Possible reasons:
#   The system is out of physical RAM or swap space
#   The process is running with CompressedOops enabled, and the Java Heap may be blocking the growth of the native heap
# Possible solutions:
#   Reduce memory load on the system
#   Increase physical memory or swap space
#   Check if swap backing store is full
#   Decrease Java heap size (-Xmx/-Xms)
#   Decrease number of Java threads
#   Decrease Java thread stack sizes (-Xss)
#   Set larger code cache with -XX:ReservedCodeCacheSize=
#   JVM is running with Zero Based Compressed Oops mode in which the Java heap is
#     placed in the first 32GB address space. The Java Heap base address is the
#     maximum limit for the native heap growth. Please use -XX:HeapBaseMinAddress
#     to set the Java Heap base and to place the Java Heap above 32GB virtual address.
# This output file may be truncated or incomplete.
#
#  Out of Memory Error (memory/allocation.inline.hpp:61), pid=7464, tid=0x0000000000000f04
#
# JRE version:  (8.0_242-b01) (build )
# Java VM: OpenJDK 64-Bit Server VM (25.242-b01 mixed mode windows-amd64 compressed oops)
# Failed to write core dump. Minidumps are not enabled by default on client versions of Windows
#

---------------  T H R E A D  ---------------

Current thread (0x0000000002dee800):  JavaThread "Unknown thread" [_thread_in_vm, id=3844, stack(0x0000000002cd0000,0x0000000002dd0000)]

Stack: [0x0000000002cd0000,0x0000000002dd0000]
[error occurred during error reporting (printing stack bounds), id 0xc0000005]

Native frames: (J=compiled Java code, j=interpreted, Vv=VM code, C=native code)


---------------  P R O C E S S  ---------------

Java Threads: ( => current thread )

Other Threads:

=>0x0000000002dee800 (exited) JavaThread "Unknown thread" [_thread_in_vm, id=3844, stack(0x0000000002cd0000,0x0000000002dd0000)]

VM state:not at safepoint (normal execution)

VM Mutex/Monitor currently owned by a thread: None

heap address: 0x00000006c1c00000, size: 4068 MB, Compressed Oops mode: Zero based, Oop shift amount: 3
Narrow klass base: 0x0000000000000000, Narrow klass shift: 3
Compressed class space size: 1073741824 Address: 0x00000007c0000000

Heap:
 PSYoungGen      total 76288K, used 1310K [0x000000076b400000, 0x0000000770900000, 0x00000007c0000000)
  eden space 65536K, 2% used [0x000000076b400000,0x000000076b547af0,0x000000076f400000)
  from space 10752K, 0% used [0x000000076fe80000,0x000000076fe80000,0x0000000770900000)
  to   space 10752K, 0% used [0x000000076f400000,0x000000076f400000,0x000000076fe80000)
 ParOldGen       total 175104K, used 0K [0x00000006c1c00000, 0x00000006cc700000, 0x000000076b400000)
  object space 175104K, 0% used [0x00000006c1c00000,0x00000006c1c00000,0x00000006cc700000)
 Metaspace       used 779K, capacity 4480K, committed 4480K, reserved 1056768K
  class space    used 74K, capacity 384K, committed 384K, reserved 1048576K

Card table byte_map: [0x0000000012310000,0x0000000012b10000] byte_map_base: 0x000000000ed02000

Marking Bits: (ParMarkBitMap*) 0x000000006e63f030
 Begin Bits: [0x0000000013860000, 0x00000000177f0000)
 End Bits:   [0x00000000177f0000, 0x000000001b780000)

Polling page: 0x00000000014d0000

CodeCache: size=245760Kb used=328Kb max_used=328Kb free=245431Kb
 bounds [0x0000000002f50000, 0x00000000031c0000, 0x0000000011f50000]
 total_blobs=57 nmethods=0 adapters=38
 compilation: enabled

Compilation events (0 events):
No events

GC Heap History (0 events):
No events

Deoptimization events (0 events):
No events

Classes redefined (0 events):
No events

Internal exceptions (0 events):
No events

Events (10 events):
Event: 0.126 loading class java/lang/Short
Event: 0.128 loading class java/lang/Short done
Event: 0.128 loading class java/lang/Integer
Event: 0.130 loading class java/lang/Integer done
Event: 0.130 loading class java/lang/Long
Event: 0.132 loading class java/lang/Long done
Event: 0.136 loading class java/lang/NullPointerException
Event: 0.136 loading class java/lang/NullPointerException done
Event: 0.136 loading class java/lang/ArithmeticException
Event: 0.137 loading class java/lang/ArithmeticException done


Dynamic libraries:
0x00007ff7ce6f0000 - 0x00007ff7ce721000 	C:\Program Files\Android\Android Studio\jre\jre\bin\java.exe
0x00007ffe76090000 - 0x00007ffe76285000 	C:\WINDOWS\SYSTEM32\ntdll.dll
0x00007ffe74580000 - 0x00007ffe7463d000 	C:\WINDOWS\System32\KERNEL32.DLL
0x00007ffe73b40000 - 0x00007ffe73e09000 	C:\WINDOWS\System32\KERNELBASE.dll
0x00007ffe749a0000 - 0x00007ffe74a4c000 	C:\WINDOWS\System32\ADVAPI32.dll
0x00007ffe75b50000 - 0x00007ffe75bee000 	C:\WINDOWS\System32\msvcrt.dll
0x00007ffe74b20000 - 0x00007ffe74bbc000 	C:\WINDOWS\System32\sechost.dll
0x00007ffe74d80000 - 0x00007ffe74eab000 	C:\WINDOWS\System32\RPCRT4.dll
0x00007ffe75000000 - 0x00007ffe751a0000 	C:\WINDOWS\System32\USER32.dll
0x00007ffe73fc0000 - 0x00007ffe73fe2000 	C:\WINDOWS\System32\win32u.dll
0x00007ffe74bc0000 - 0x00007ffe74bea000 	C:\WINDOWS\System32\GDI32.dll
0x00007ffe739d0000 - 0x00007ffe73adb000 	C:\WINDOWS\System32\gdi32full.dll
0x00007ffe73930000 - 0x00007ffe739cd000 	C:\WINDOWS\System32\msvcp_win.dll
0x00007ffe73ff0000 - 0x00007ffe740f0000 	C:\WINDOWS\System32\ucrtbase.dll
0x00007ffe58030000 - 0x00007ffe582ca000 	C:\WINDOWS\WinSxS\amd64_microsoft.windows.common-controls_6595b64144ccf1df_6.0.19041.844_none_ca00b6081b84eb1d\COMCTL32.dll
0x00007ffe752d0000 - 0x00007ffe75300000 	C:\WINDOWS\System32\IMM32.DLL
0x000000006ea40000 - 0x000000006eb12000 	C:\Program Files\Android\Android Studio\jre\jre\bin\msvcr100.dll
0x000000006de70000 - 0x000000006e6bb000 	C:\Program Files\Android\Android Studio\jre\jre\bin\server\jvm.dll
0x00007ffe75b40000 - 0x00007ffe75b48000 	C:\WINDOWS\System32\PSAPI.DLL
0x00007ffe58bc0000 - 0x00007ffe58bc9000 	C:\WINDOWS\SYSTEM32\WSOCK32.dll
0x00007ffe5f020000 - 0x00007ffe5f047000 	C:\WINDOWS\SYSTEM32\WINMM.dll
0x00007ffe6dbe0000 - 0x00007ffe6dbea000 	C:\WINDOWS\SYSTEM32\VERSION.dll
0x00007ffe75260000 - 0x00007ffe752cb000 	C:\WINDOWS\System32\WS2_32.dll
0x00007ffe5e830000 - 0x00007ffe5e83f000 	C:\Program Files\Android\Android Studio\jre\jre\bin\verify.dll
0x00007ffe39960000 - 0x00007ffe39989000 	C:\Program Files\Android\Android Studio\jre\jre\bin\java.dll
0x00007ffe5e7f0000 - 0x00007ffe5e806000 	C:\Program Files\Android\Android Studio\jre\jre\bin\zip.dll

VM Arguments:
java_command: org.jetbrains.git4idea.http.GitAskPassApp Username for 'https://github.com': 
java_class_path (initial): C:/Program Files/Android/Android Studio/plugins/git4idea/lib/git4idea-rt.jar;C:/Program Files/Android/Android Studio/lib/xmlrpc-2.0.1.jar;C:/Program Files/Android/Android Studio/lib/commons-codec-1.14.jar;C:/Program Files/Android/Android Studio/lib/util.jar
Launcher Type: SUN_STANDARD

Environment Variables:
JAVA_HOME=C:\Program Files\OpenJDK\openjdk-8u282-b08
PATH=C:\Program Files\Git\mingw64\libexec\git-core;C:\Program Files\Git\mingw64\libexec\git-core;C:\Program Files\Git\mingw64\bin;C:\Program Files\Git\usr\bin;C:\Users\rey_g\bin;C:\Program Files (x86)\Common Files\Oracle\Java\javapath;C:\ProgramData\Oracle\Java\javapath;C:\Program Files (x86)\Common Files\Intel\Shared Libraries\redist\intel64\compiler;C:\Program Files (x86)\VMware\VMware Player\bin;C:\Program Files\AdoptOpenJDK\jre-15.0.0.36-hotspot\bin;C:\WINDOWS\system32;C:\WINDOWS;C:\WINDOWS\System32\Wbem;C:\WINDOWS\System32\WindowsPowerShell\v1.0;C:\WINDOWS\System32\OpenSSH;C:\ProgramData\chocolatey\bin;C:\Program Files\nodejs;C:\Program Files\Git\cmd;C:\Program Files (x86)\Yarn\bin;F:\Programs\Microsoft SQL Server\Client SDK\ODBC\170\Tools\Binn;C:\Program Files (x86)\Microsoft SQL Server\150\Tools\Binn;F:\Programs\Microsoft SQL Server\150\Tools\Binn;F:\Programs\Microsoft SQL Server\150\DTS\Binn;C:\Program Files (x86)\Microsoft SQL Server\150\DTS\Binn;C:\Program Files\Azure Data Studio\bin;C:\Program Files (x86)\dotnet;C:\Program Files\Docker\Docker\resources\bin;C:\ProgramData\DockerDesktop\version-bin;C:\Program Files\OpenJDK\openjdk-8u282-b08\bin;C:\Users\rey_g\AppData\Local\Microsoft\WindowsApps;C:\Users\rey_g\AppData\Roaming\npm;C:\Program Files\MariaDB 10.5\bin;C:\Users\rey_g\AppData\Local\Programs\Microsoft VS Code\bin;C:\Users\rey_g\AppData\Local\Yarn\bin;C:\flutter\bin;C:\Users\rey_g\AppData\Local\Android\Sdk\emulator;C:\Program Files\MongoDB\Server\4.4\bin;C:\Users\rey_g\AppData\Local\GitHubDesktop\bin;C:\xampp\php;C:\Program Files\Azure Data Studio\bin;C:\Program Files\heroku\bin;C:\Users\rey_g\AppData\Local\hyper\app-3.0.2\resources\bin;C:\Users\rey_g\AppData\Local\Android\Sdk;C:\Users\rey_g\AppData\Local\Android\Sdk\platform-tools
USERNAME=rey_g
DISPLAY=:0.0
OS=Windows_NT
PROCESSOR_IDENTIFIER=Intel64 Family 6 Model 142 Stepping 10, GenuineIntel



---------------  S Y S T E M  ---------------

OS: Windows 10.0 , 64 bit Build 19041 (10.0.19041.804)

CPU:total 8 (initial active 8) (4 cores per cpu, 2 threads per core) family 6 model 142 stepping 10, cmov, cx8, fxsr, mmx, sse, sse2, sse3, ssse3, sse4.1, sse4.2, popcnt, avx, avx2, aes, clmul, erms, 3dnowpref, lzcnt, ht, tsc, tscinvbit, bmi1, bmi2, adx

Memory: 4k page, physical 16657740k(1909684k free), swap 36245964k(5712k free)

vm_info: OpenJDK 64-Bit Server VM (25.242-b01) for windows-amd64 JRE (1.8.0_242-release-1644-b01), built by "builder" with MS VC++ 10.0 (VS2010)

time: Tue Apr 13 21:36:06 2021
timezone: Hora estándar oeste, Sudamérica
elapsed time: 0 seconds (0d 0h 0m 0s)

